<?xml version="1.0" encoding="UTF-8"?>
<testng-results ignored="9" total="11" passed="2" failed="0" skipped="0">
  <reporter-output>
  </reporter-output>
  <suite started-at="2019-05-29T13:36:33Z" name="Suite" finished-at="2019-05-29T13:38:02Z" duration-ms="88869">
    <groups>
      <group name="new">
        <method signature="TestSignup.GuestUserInterests()[pri:2, instance:com.scotts.mygarden.test.TestSignup@49912c99]" name="GuestUserInterests" class="com.scotts.mygarden.test.TestSignup"/>
        <method signature="TestSignup.GuestUserSelectLessInterests()[pri:3, instance:com.scotts.mygarden.test.TestSignup@49912c99]" name="GuestUserSelectLessInterests" class="com.scotts.mygarden.test.TestSignup"/>
      </group> <!-- new -->
    </groups>
    <test started-at="2019-05-29T13:36:33Z" name="Test" finished-at="2019-05-29T13:38:02Z" duration-ms="88869">
      <class name="com.scotts.mygarden.test.TestSignup">
        <test-method is-config="true" signature="setup()[pri:0, instance:com.scotts.mygarden.test.TestSignup@49912c99]" started-at="2019-05-29T13:36:34Z" name="setup" finished-at="2019-05-29T13:36:46Z" duration-ms="12083" status="PASS">
          <reporter-output>
          </reporter-output>
        </test-method> <!-- setup -->
        <test-method signature="GuestUserInterests()[pri:2, instance:com.scotts.mygarden.test.TestSignup@49912c99]" started-at="2019-05-29T13:36:46Z" name="GuestUserInterests" description="MGTC_28: Verify the functionality when user select 3 interests while creating the guest users" finished-at="2019-05-29T13:37:13Z" duration-ms="27036" status="PASS">
          <reporter-output>
          </reporter-output>
        </test-method> <!-- GuestUserInterests -->
        <test-method is-config="true" signature="TearDrop()[pri:0, instance:com.scotts.mygarden.test.TestSignup@49912c99]" started-at="2019-05-29T13:37:13Z" name="TearDrop" finished-at="2019-05-29T13:37:16Z" duration-ms="3612" status="PASS">
          <reporter-output>
          </reporter-output>
        </test-method> <!-- TearDrop -->
        <test-method is-config="true" signature="setup()[pri:0, instance:com.scotts.mygarden.test.TestSignup@49912c99]" started-at="2019-05-29T13:37:16Z" name="setup" finished-at="2019-05-29T13:37:28Z" duration-ms="11931" status="PASS">
          <reporter-output>
          </reporter-output>
        </test-method> <!-- setup -->
        <test-method signature="GuestUserSelectLessInterests()[pri:3, instance:com.scotts.mygarden.test.TestSignup@49912c99]" started-at="2019-05-29T13:37:28Z" name="GuestUserSelectLessInterests" description="MGTC_29: Verify the functionality when user selects the interest less than 3" finished-at="2019-05-29T13:37:58Z" duration-ms="29726" status="PASS">
          <reporter-output>
          </reporter-output>
        </test-method> <!-- GuestUserSelectLessInterests -->
        <test-method is-config="true" signature="TearDrop()[pri:0, instance:com.scotts.mygarden.test.TestSignup@49912c99]" started-at="2019-05-29T13:37:58Z" name="TearDrop" finished-at="2019-05-29T13:38:02Z" duration-ms="4443" status="PASS">
          <reporter-output>
          </reporter-output>
        </test-method> <!-- TearDrop -->
      </class> <!-- com.scotts.mygarden.test.TestSignup -->
    </test> <!-- Test -->
  </suite> <!-- Suite -->
</testng-results>
