<?xml version="1.0" encoding="UTF-8"?>
<!-- Generated by org.testng.reporters.JUnitXMLReporter -->
<testsuite ignored="9" hostname="DESKTOP-3OLENNV" failures="0" tests="2" name="Test" time="88.869" errors="0" timestamp="29 May 2019 13:38:02 GMT">
  <testcase classname="com.scotts.mygarden.test.TestSignup" name="GuestUserInterests" time="27.036"/>
  <testcase classname="com.scotts.mygarden.test.TestSignup" name="GuestUserSelectLessInterests" time="29.726"/>
  <testcase classname="com.scotts.mygarden.test.TestSignup" name="ValidSignUp" time="0.0">
    <ignored/>
  </testcase> <!-- ValidSignUp -->
  <testcase classname="com.scotts.mygarden.test.TestLogin" name="InvalidEmailInvalidPwd" time="0.0">
    <ignored/>
  </testcase> <!-- InvalidEmailInvalidPwd -->
  <testcase classname="com.scotts.mygarden.test.TestSignup" name="GuestUserLink" time="0.0">
    <ignored/>
  </testcase> <!-- GuestUserLink -->
  <testcase classname="com.scotts.mygarden.test.TestLogin" name="BlankEmailValidPwd" time="0.0">
    <ignored/>
  </testcase> <!-- BlankEmailValidPwd -->
  <testcase classname="com.scotts.mygarden.test.TestLogin" name="InvalidEmailValidPwd" time="0.0">
    <ignored/>
  </testcase> <!-- InvalidEmailValidPwd -->
  <testcase classname="com.scotts.mygarden.test.TestLogin" name="ValidEmailInvalidPwd" time="0.0">
    <ignored/>
  </testcase> <!-- ValidEmailInvalidPwd -->
  <testcase classname="com.scotts.mygarden.test.TestLogin" name="ValidLogin" time="0.0">
    <ignored/>
  </testcase> <!-- ValidLogin -->
  <testcase classname="com.scotts.mygarden.test.TestSignup" name="GuestUserSkipInterest" time="0.0">
    <ignored/>
  </testcase> <!-- GuestUserSkipInterest -->
  <testcase classname="com.scotts.mygarden.test.TestLogin" name="ValidEmailBlankPwd" time="0.0">
    <ignored/>
  </testcase> <!-- ValidEmailBlankPwd -->
</testsuite> <!-- Test -->
