<?xml version="1.0" encoding="UTF-8"?>
<!-- Generated by org.testng.reporters.JUnitXMLReporter -->
<testsuite ignored="0" hostname="DESKTOP-3OLENNV" failures="0" tests="6" name="Default test" time="261.965" errors="0" timestamp="31 May 2019 06:47:13 GMT">
  <testcase classname="com.scotts.mygarden.test.TestLogin" name="ValidLogin" time="29.465"/>
  <testcase classname="com.scotts.mygarden.test.TestLogin" name="ValidEmailInvalidPwd" time="20.817"/>
  <testcase classname="com.scotts.mygarden.test.TestLogin" name="InvalidEmailValidPwd" time="22.781"/>
  <testcase classname="com.scotts.mygarden.test.TestLogin" name="InvalidEmailInvalidPwd" time="24.012"/>
  <testcase classname="com.scotts.mygarden.test.TestLogin" name="BlankEmailValidPwd" time="23.534"/>
  <testcase classname="com.scotts.mygarden.test.TestLogin" name="ValidEmailBlankPwd" time="20.702"/>
</testsuite> <!-- Default test -->
