<?xml version="1.0" encoding="UTF-8"?>
<!-- Generated by org.testng.reporters.JUnitXMLReporter -->
<testsuite ignored="31" hostname="DESKTOP-3OLENNV" failures="0" tests="2" name="Test" time="92.367" errors="0" timestamp="27 Jun 2019 07:11:54 GMT">
  <testcase classname="com.scotts.mygarden.test.TestExplorer" name="ExistingPlan" time="13.786"/>
  <testcase classname="com.scotts.mygarden.test.TestLogin" name="SocialGoogleLogin" time="13.281"/>
  <testcase classname="com.scotts.mygarden.test.TestExplorer" name="Edibles" time="0.0">
    <ignored/>
  </testcase> <!-- Edibles -->
  <testcase classname="com.scotts.mygarden.test.TestProjectOverview" name="WhatYouNeedSection" time="0.0">
    <ignored/>
  </testcase> <!-- WhatYouNeedSection -->
  <testcase classname="com.scotts.mygarden.test.TestSignup" name="GuestUserSelectLessInterests" time="0.0">
    <ignored/>
  </testcase> <!-- GuestUserSelectLessInterests -->
  <testcase classname="com.scotts.mygarden.test.TestLogin" name="InvalidEmailInvalidPwdTC" time="0.0">
    <ignored/>
  </testcase> <!-- InvalidEmailInvalidPwdTC -->
  <testcase classname="com.scotts.mygarden.test.TestExplorer" name="Weeds" time="0.0">
    <ignored/>
  </testcase> <!-- Weeds -->
  <testcase classname="com.scotts.mygarden.test.TestSignup" name="GuestUserInterests" time="0.0">
    <ignored/>
  </testcase> <!-- GuestUserInterests -->
  <testcase classname="com.scotts.mygarden.test.TestProjectOverview" name="PrepPlant" time="0.0">
    <ignored/>
  </testcase> <!-- PrepPlant -->
  <testcase classname="com.scotts.mygarden.test.TestProjectOverview" name="NewSetupPlan" time="0.0">
    <ignored/>
  </testcase> <!-- NewSetupPlan -->
  <testcase classname="com.scotts.mygarden.test.TestLogin" name="ValidLoginTC" time="0.0">
    <ignored/>
  </testcase> <!-- ValidLoginTC -->
  <testcase classname="com.scotts.mygarden.test.TestSignup" name="InvalidZipcode" time="0.0">
    <ignored/>
  </testcase> <!-- InvalidZipcode -->
  <testcase classname="com.scotts.mygarden.test.TestExplorer" name="Decoratives" time="0.0">
    <ignored/>
  </testcase> <!-- Decoratives -->
  <testcase classname="com.scotts.mygarden.test.TestExplorer" name="Diseases" time="0.0">
    <ignored/>
  </testcase> <!-- Diseases -->
  <testcase classname="com.scotts.mygarden.test.TestSuccessPlans" name="HeroArticleData" time="0.0">
    <ignored/>
  </testcase> <!-- HeroArticleData -->
  <testcase classname="com.scotts.mygarden.test.TestLogin" name="InvalidEmailValidPwdTC" time="0.0">
    <ignored/>
  </testcase> <!-- InvalidEmailValidPwdTC -->
  <testcase classname="com.scotts.mygarden.test.TestExplorer" name="Pests" time="0.0">
    <ignored/>
  </testcase> <!-- Pests -->
  <testcase classname="com.scotts.mygarden.test.TestProjectOverview" name="Supplies" time="0.0">
    <ignored/>
  </testcase> <!-- Supplies -->
  <testcase classname="com.scotts.mygarden.test.TestSuccessPlans" name="ActivityCompleted" time="0.0">
    <ignored/>
  </testcase> <!-- ActivityCompleted -->
  <testcase classname="com.scotts.mygarden.test.TestSignup" name="GuestUserLink" time="0.0">
    <ignored/>
  </testcase> <!-- GuestUserLink -->
  <testcase classname="com.scotts.mygarden.test.TestSuccessPlans" name="DeleteSuccessPlan" time="0.0">
    <ignored/>
  </testcase> <!-- DeleteSuccessPlan -->
  <testcase classname="com.scotts.mygarden.test.TestProjectOverview" name="PrepPlantvideo" time="0.0">
    <ignored/>
  </testcase> <!-- PrepPlantvideo -->
  <testcase classname="com.scotts.mygarden.test.TestLogin" name="SocialFbLogin" time="0.0">
    <ignored/>
  </testcase> <!-- SocialFbLogin -->
  <testcase classname="com.scotts.mygarden.test.TestSuccessPlans" name="InstructionsData" time="0.0">
    <ignored/>
  </testcase> <!-- InstructionsData -->
  <testcase classname="com.scotts.mygarden.test.TestSignup" name="GuestUserSkipInterest" time="0.0">
    <ignored/>
  </testcase> <!-- GuestUserSkipInterest -->
  <testcase classname="com.scotts.mygarden.test.TestSuccessPlans" name="ThisWeekDataVerify" time="0.0">
    <ignored/>
  </testcase> <!-- ThisWeekDataVerify -->
  <testcase classname="com.scotts.mygarden.test.TestLogin" name="ValidEmailBlankPwd" time="0.0">
    <ignored/>
  </testcase> <!-- ValidEmailBlankPwd -->
  <testcase classname="com.scotts.mygarden.test.TestSuccessPlans" name="AllActivitesData" time="0.0">
    <ignored/>
  </testcase> <!-- AllActivitesData -->
  <testcase classname="com.scotts.mygarden.test.TestSignup" name="ValidSignUp" time="0.0">
    <ignored/>
  </testcase> <!-- ValidSignUp -->
  <testcase classname="com.scotts.mygarden.test.TestLogin" name="BlankEmailValidPwdTC" time="0.0">
    <ignored/>
  </testcase> <!-- BlankEmailValidPwdTC -->
  <testcase classname="com.scotts.mygarden.test.TestLogin" name="ValidEmailinValidPwdTC" time="0.0">
    <ignored/>
  </testcase> <!-- ValidEmailinValidPwdTC -->
  <testcase classname="com.scotts.mygarden.test.TestSuccessPlans" name="FeedArticleData" time="0.0">
    <ignored/>
  </testcase> <!-- FeedArticleData -->
  <testcase classname="com.scotts.mygarden.test.TestSuccessPlans" name="CancelDeleteSuccessPlan" time="0.0">
    <ignored/>
  </testcase> <!-- CancelDeleteSuccessPlan -->
</testsuite> <!-- Test -->
