<?xml version="1.0" encoding="UTF-8"?>
<testng-results ignored="0" total="6" passed="6" failed="0" skipped="0">
  <reporter-output>
  </reporter-output>
  <suite started-at="2019-08-20T12:45:34Z" name="Default suite" finished-at="2019-08-20T12:51:30Z" duration-ms="355638">
    <groups>
      <group name="regression">
        <method signature="TestSuccessPlans.ActivityCompleted()[pri:5, instance:com.scotts.mygarden.test.TestSuccessPlans@649bec2e]" name="ActivityCompleted" class="com.scotts.mygarden.test.TestSuccessPlans"/>
        <method signature="TestSuccessPlans.DeleteSuccessPlan()[pri:6, instance:com.scotts.mygarden.test.TestSuccessPlans@649bec2e]" name="DeleteSuccessPlan" class="com.scotts.mygarden.test.TestSuccessPlans"/>
      </group> <!-- regression -->
      <group name="smoke">
        <method signature="TestSuccessPlans.ActivityCompleted()[pri:5, instance:com.scotts.mygarden.test.TestSuccessPlans@649bec2e]" name="ActivityCompleted" class="com.scotts.mygarden.test.TestSuccessPlans"/>
        <method signature="TestSuccessPlans.AllActivitesData()[pri:0, instance:com.scotts.mygarden.test.TestSuccessPlans@649bec2e]" name="AllActivitesData" class="com.scotts.mygarden.test.TestSuccessPlans"/>
        <method signature="TestSuccessPlans.CancelDeleteSuccessPlan()[pri:0, instance:com.scotts.mygarden.test.TestSuccessPlans@649bec2e]" name="CancelDeleteSuccessPlan" class="com.scotts.mygarden.test.TestSuccessPlans"/>
        <method signature="TestSuccessPlans.DeleteSuccessPlan()[pri:6, instance:com.scotts.mygarden.test.TestSuccessPlans@649bec2e]" name="DeleteSuccessPlan" class="com.scotts.mygarden.test.TestSuccessPlans"/>
        <method signature="TestSuccessPlans.InstructionsData()[pri:0, instance:com.scotts.mygarden.test.TestSuccessPlans@649bec2e]" name="InstructionsData" class="com.scotts.mygarden.test.TestSuccessPlans"/>
      </group> <!-- smoke -->
    </groups>
    <test started-at="2019-08-20T12:45:34Z" name="Default test" finished-at="2019-08-20T12:51:30Z" duration-ms="355638">
      <class name="com.scotts.mygarden.test.TestSuccessPlans">
        <test-method is-config="true" signature="Setup()[pri:0, instance:com.scotts.mygarden.test.TestSuccessPlans@649bec2e]" started-at="2019-08-20T12:45:34Z" name="Setup" finished-at="2019-08-20T12:46:38Z" duration-ms="63451" status="PASS">
          <reporter-output>
          </reporter-output>
        </test-method> <!-- Setup -->
        <test-method signature="AllActivitesData()[pri:0, instance:com.scotts.mygarden.test.TestSuccessPlans@649bec2e]" started-at="2019-08-20T12:46:38Z" name="AllActivitesData" description="Verify the data when user go to  All Activities tab under selected care plan" finished-at="2019-08-20T12:46:43Z" duration-ms="5907" status="PASS">
          <reporter-output>
          </reporter-output>
        </test-method> <!-- AllActivitesData -->
        <test-method is-config="true" signature="TearDrop()[pri:0, instance:com.scotts.mygarden.test.TestSuccessPlans@649bec2e]" started-at="2019-08-20T12:46:43Z" name="TearDrop" finished-at="2019-08-20T12:46:45Z" duration-ms="1157" status="PASS">
          <reporter-output>
          </reporter-output>
        </test-method> <!-- TearDrop -->
        <test-method is-config="true" signature="Setup()[pri:0, instance:com.scotts.mygarden.test.TestSuccessPlans@649bec2e]" started-at="2019-08-20T12:46:45Z" name="Setup" finished-at="2019-08-20T12:47:27Z" duration-ms="42564" status="PASS">
          <reporter-output>
          </reporter-output>
        </test-method> <!-- Setup -->
        <test-method signature="CancelDeleteSuccessPlan()[pri:0, instance:com.scotts.mygarden.test.TestSuccessPlans@649bec2e]" started-at="2019-08-20T12:47:27Z" name="CancelDeleteSuccessPlan" description="Verify the functionality when user click on cancel button while deleting the success plan" finished-at="2019-08-20T12:47:34Z" duration-ms="6746" status="PASS">
          <reporter-output>
          </reporter-output>
        </test-method> <!-- CancelDeleteSuccessPlan -->
        <test-method is-config="true" signature="TearDrop()[pri:0, instance:com.scotts.mygarden.test.TestSuccessPlans@649bec2e]" started-at="2019-08-20T12:47:34Z" name="TearDrop" finished-at="2019-08-20T12:47:35Z" duration-ms="1116" status="PASS">
          <reporter-output>
          </reporter-output>
        </test-method> <!-- TearDrop -->
        <test-method is-config="true" signature="Setup()[pri:0, instance:com.scotts.mygarden.test.TestSuccessPlans@649bec2e]" started-at="2019-08-20T12:47:35Z" name="Setup" finished-at="2019-08-20T12:48:30Z" duration-ms="54986" status="PASS">
          <reporter-output>
          </reporter-output>
        </test-method> <!-- Setup -->
        <test-method signature="InstructionsData()[pri:0, instance:com.scotts.mygarden.test.TestSuccessPlans@649bec2e]" started-at="2019-08-20T12:48:30Z" name="InstructionsData" description="Verify the data under read more about it" finished-at="2019-08-20T12:48:34Z" duration-ms="4137" status="PASS">
          <reporter-output>
          </reporter-output>
        </test-method> <!-- InstructionsData -->
        <test-method is-config="true" signature="TearDrop()[pri:0, instance:com.scotts.mygarden.test.TestSuccessPlans@649bec2e]" started-at="2019-08-20T12:48:34Z" name="TearDrop" finished-at="2019-08-20T12:48:35Z" duration-ms="1147" status="PASS">
          <reporter-output>
          </reporter-output>
        </test-method> <!-- TearDrop -->
        <test-method is-config="true" signature="Setup()[pri:0, instance:com.scotts.mygarden.test.TestSuccessPlans@649bec2e]" started-at="2019-08-20T12:48:35Z" name="Setup" finished-at="2019-08-20T12:49:19Z" duration-ms="44176" status="PASS">
          <reporter-output>
          </reporter-output>
        </test-method> <!-- Setup -->
        <test-method signature="ThisWeekDataVerify()[pri:0, instance:com.scotts.mygarden.test.TestSuccessPlans@649bec2e]" started-at="2019-08-20T12:49:19Z" name="ThisWeekDataVerify" description="Verify the data under This Week section under Success Plan timeline" finished-at="2019-08-20T12:49:22Z" duration-ms="2670" status="PASS">
          <reporter-output>
          </reporter-output>
        </test-method> <!-- ThisWeekDataVerify -->
        <test-method is-config="true" signature="TearDrop()[pri:0, instance:com.scotts.mygarden.test.TestSuccessPlans@649bec2e]" started-at="2019-08-20T12:49:22Z" name="TearDrop" finished-at="2019-08-20T12:49:23Z" duration-ms="1146" status="PASS">
          <reporter-output>
          </reporter-output>
        </test-method> <!-- TearDrop -->
        <test-method is-config="true" signature="Setup()[pri:0, instance:com.scotts.mygarden.test.TestSuccessPlans@649bec2e]" started-at="2019-08-20T12:49:23Z" name="Setup" finished-at="2019-08-20T12:50:18Z" duration-ms="54484" status="PASS">
          <reporter-output>
          </reporter-output>
        </test-method> <!-- Setup -->
        <test-method signature="ActivityCompleted()[pri:5, instance:com.scotts.mygarden.test.TestSuccessPlans@649bec2e]" started-at="2019-08-20T12:50:18Z" name="ActivityCompleted" description="Success Plan Timeline_This Week" finished-at="2019-08-20T12:50:24Z" duration-ms="6611" status="PASS">
          <reporter-output>
          </reporter-output>
        </test-method> <!-- ActivityCompleted -->
        <test-method is-config="true" signature="TearDrop()[pri:0, instance:com.scotts.mygarden.test.TestSuccessPlans@649bec2e]" started-at="2019-08-20T12:50:24Z" name="TearDrop" finished-at="2019-08-20T12:50:26Z" duration-ms="1220" status="PASS">
          <reporter-output>
          </reporter-output>
        </test-method> <!-- TearDrop -->
        <test-method is-config="true" signature="Setup()[pri:0, instance:com.scotts.mygarden.test.TestSuccessPlans@649bec2e]" started-at="2019-08-20T12:50:26Z" name="Setup" finished-at="2019-08-20T12:51:20Z" duration-ms="54706" status="PASS">
          <reporter-output>
          </reporter-output>
        </test-method> <!-- Setup -->
        <test-method signature="DeleteSuccessPlan()[pri:6, instance:com.scotts.mygarden.test.TestSuccessPlans@649bec2e]" started-at="2019-08-20T12:51:20Z" name="DeleteSuccessPlan" description="Verify the functionality when user click on delete button while deleting the success plan" finished-at="2019-08-20T12:51:28Z" duration-ms="7895" status="PASS">
          <reporter-output>
          </reporter-output>
        </test-method> <!-- DeleteSuccessPlan -->
        <test-method is-config="true" signature="TearDrop()[pri:0, instance:com.scotts.mygarden.test.TestSuccessPlans@649bec2e]" started-at="2019-08-20T12:51:28Z" name="TearDrop" finished-at="2019-08-20T12:51:30Z" duration-ms="1474" status="PASS">
          <reporter-output>
          </reporter-output>
        </test-method> <!-- TearDrop -->
      </class> <!-- com.scotts.mygarden.test.TestSuccessPlans -->
    </test> <!-- Default test -->
  </suite> <!-- Default suite -->
</testng-results>
