<?xml version="1.0" encoding="UTF-8"?>
<testng-results ignored="0" total="6" passed="6" failed="0" skipped="0">
  <reporter-output>
  </reporter-output>
  <suite started-at="2019-05-31T06:42:51Z" name="Default suite" finished-at="2019-05-31T06:47:13Z" duration-ms="261965">
    <groups>
      <group name="login">
        <method signature="TestLogin.ValidLogin()[pri:1, instance:com.scotts.mygarden.test.TestLogin@625732]" name="ValidLogin" class="com.scotts.mygarden.test.TestLogin"/>
      </group> <!-- login -->
    </groups>
    <test started-at="2019-05-31T06:42:51Z" name="Default test" finished-at="2019-05-31T06:47:13Z" duration-ms="261965">
      <class name="com.scotts.mygarden.test.TestLogin">
        <test-method is-config="true" signature="Setup()[pri:0, instance:com.scotts.mygarden.test.TestLogin@625732]" started-at="2019-05-31T06:42:51Z" name="Setup" finished-at="2019-05-31T06:43:13Z" duration-ms="21985" status="PASS">
          <reporter-output>
          </reporter-output>
        </test-method> <!-- Setup -->
        <test-method signature="ValidLogin()[pri:1, instance:com.scotts.mygarden.test.TestLogin@625732]" started-at="2019-05-31T06:43:13Z" name="ValidLogin" description="MGTC_15: Verify the data when user login with valid credentials" finished-at="2019-05-31T06:43:42Z" duration-ms="29465" status="PASS">
          <reporter-output>
          </reporter-output>
        </test-method> <!-- ValidLogin -->
        <test-method is-config="true" signature="TearDrop()[pri:0, instance:com.scotts.mygarden.test.TestLogin@625732]" started-at="2019-05-31T06:43:42Z" name="TearDrop" finished-at="2019-05-31T06:43:45Z" duration-ms="2756" status="PASS">
          <reporter-output>
          </reporter-output>
        </test-method> <!-- TearDrop -->
        <test-method is-config="true" signature="Setup()[pri:0, instance:com.scotts.mygarden.test.TestLogin@625732]" started-at="2019-05-31T06:43:45Z" name="Setup" finished-at="2019-05-31T06:44:03Z" duration-ms="17981" status="PASS">
          <reporter-output>
          </reporter-output>
        </test-method> <!-- Setup -->
        <test-method signature="ValidEmailInvalidPwd()[pri:2, instance:com.scotts.mygarden.test.TestLogin@625732]" started-at="2019-05-31T06:44:03Z" name="ValidEmailInvalidPwd" description="MGTC_16: Verify the data when user login with invalid email address and valid password" finished-at="2019-05-31T06:44:24Z" duration-ms="20817" status="PASS">
          <reporter-output>
          </reporter-output>
        </test-method> <!-- ValidEmailInvalidPwd -->
        <test-method is-config="true" signature="TearDrop()[pri:0, instance:com.scotts.mygarden.test.TestLogin@625732]" started-at="2019-05-31T06:44:24Z" name="TearDrop" finished-at="2019-05-31T06:44:27Z" duration-ms="2766" status="PASS">
          <reporter-output>
          </reporter-output>
        </test-method> <!-- TearDrop -->
        <test-method is-config="true" signature="Setup()[pri:0, instance:com.scotts.mygarden.test.TestLogin@625732]" started-at="2019-05-31T06:44:27Z" name="Setup" finished-at="2019-05-31T06:44:44Z" duration-ms="17673" status="PASS">
          <reporter-output>
          </reporter-output>
        </test-method> <!-- Setup -->
        <test-method signature="InvalidEmailValidPwd()[pri:3, instance:com.scotts.mygarden.test.TestLogin@625732]" started-at="2019-05-31T06:44:44Z" name="InvalidEmailValidPwd" description="MGTC_17: Verify the data when user login with valid email address and invalid password" finished-at="2019-05-31T06:45:07Z" duration-ms="22781" status="PASS">
          <reporter-output>
          </reporter-output>
        </test-method> <!-- InvalidEmailValidPwd -->
        <test-method is-config="true" signature="TearDrop()[pri:0, instance:com.scotts.mygarden.test.TestLogin@625732]" started-at="2019-05-31T06:45:07Z" name="TearDrop" finished-at="2019-05-31T06:45:10Z" duration-ms="2716" status="PASS">
          <reporter-output>
          </reporter-output>
        </test-method> <!-- TearDrop -->
        <test-method is-config="true" signature="Setup()[pri:0, instance:com.scotts.mygarden.test.TestLogin@625732]" started-at="2019-05-31T06:45:10Z" name="Setup" finished-at="2019-05-31T06:45:25Z" duration-ms="15223" status="PASS">
          <reporter-output>
          </reporter-output>
        </test-method> <!-- Setup -->
        <test-method signature="InvalidEmailInvalidPwd()[pri:4, instance:com.scotts.mygarden.test.TestLogin@625732]" started-at="2019-05-31T06:45:25Z" name="InvalidEmailInvalidPwd" description="MGTC_18: Verify the data when user login with invalid email address and invalid password" finished-at="2019-05-31T06:45:49Z" duration-ms="24012" status="PASS">
          <reporter-output>
          </reporter-output>
        </test-method> <!-- InvalidEmailInvalidPwd -->
        <test-method is-config="true" signature="TearDrop()[pri:0, instance:com.scotts.mygarden.test.TestLogin@625732]" started-at="2019-05-31T06:45:49Z" name="TearDrop" finished-at="2019-05-31T06:45:52Z" duration-ms="2768" status="PASS">
          <reporter-output>
          </reporter-output>
        </test-method> <!-- TearDrop -->
        <test-method is-config="true" signature="Setup()[pri:0, instance:com.scotts.mygarden.test.TestLogin@625732]" started-at="2019-05-31T06:45:52Z" name="Setup" finished-at="2019-05-31T06:46:07Z" duration-ms="15290" status="PASS">
          <reporter-output>
          </reporter-output>
        </test-method> <!-- Setup -->
        <test-method signature="BlankEmailValidPwd()[pri:5, instance:com.scotts.mygarden.test.TestLogin@625732]" started-at="2019-05-31T06:46:07Z" name="BlankEmailValidPwd" description="MGTC_19: Verify the data when  user login with blank email address and valid password" finished-at="2019-05-31T06:46:31Z" duration-ms="23534" status="PASS">
          <reporter-output>
          </reporter-output>
        </test-method> <!-- BlankEmailValidPwd -->
        <test-method is-config="true" signature="TearDrop()[pri:0, instance:com.scotts.mygarden.test.TestLogin@625732]" started-at="2019-05-31T06:46:31Z" name="TearDrop" finished-at="2019-05-31T06:46:33Z" duration-ms="2845" status="PASS">
          <reporter-output>
          </reporter-output>
        </test-method> <!-- TearDrop -->
        <test-method is-config="true" signature="Setup()[pri:0, instance:com.scotts.mygarden.test.TestLogin@625732]" started-at="2019-05-31T06:46:33Z" name="Setup" finished-at="2019-05-31T06:46:49Z" duration-ms="15723" status="PASS">
          <reporter-output>
          </reporter-output>
        </test-method> <!-- Setup -->
        <test-method signature="ValidEmailBlankPwd()[pri:6, instance:com.scotts.mygarden.test.TestLogin@625732]" started-at="2019-05-31T06:46:49Z" name="ValidEmailBlankPwd" description="MGTC_20: Verify the data when user login with valid email address and blank password " finished-at="2019-05-31T06:47:10Z" duration-ms="20702" status="PASS">
          <reporter-output>
          </reporter-output>
        </test-method> <!-- ValidEmailBlankPwd -->
        <test-method is-config="true" signature="TearDrop()[pri:0, instance:com.scotts.mygarden.test.TestLogin@625732]" started-at="2019-05-31T06:47:10Z" name="TearDrop" finished-at="2019-05-31T06:47:13Z" duration-ms="2857" status="PASS">
          <reporter-output>
          </reporter-output>
        </test-method> <!-- TearDrop -->
      </class> <!-- com.scotts.mygarden.test.TestLogin -->
    </test> <!-- Default test -->
  </suite> <!-- Default suite -->
</testng-results>
