<?xml version="1.0" encoding="UTF-8"?>
<!-- Generated by org.testng.reporters.JUnitXMLReporter -->
<testsuite ignored="0" hostname="DESKTOP-3OLENNV" failures="0" tests="5" name="Default test" time="365.197" errors="0" timestamp="30 May 2019 11:51:11 GMT">
  <testcase classname="com.scotts.mygarden.test.TestExplorer" name="Edibles" time="35.885"/>
  <testcase classname="com.scotts.mygarden.test.TestExplorer" name="Decoratives" time="36.886"/>
  <testcase classname="com.scotts.mygarden.test.TestExplorer" name="Pests" time="33.822"/>
  <testcase classname="com.scotts.mygarden.test.TestExplorer" name="Weeds" time="34.717"/>
  <testcase classname="com.scotts.mygarden.test.TestExplorer" name="Diseases" time="33.364"/>
</testsuite> <!-- Default test -->
